Missing files report:
App ID: 5zz18 - Missing: icon
App ID: f7x08 - Missing: icon
App ID: bu760 - Missing: icon
App ID: 4r12b - Missing: icon
App ID: 5ve35 - Missing: icon
App ID: l3b66 - Missing: icon
App ID: 44xl1 - Missing: icon
App ID: 691nn - Missing: icon
App ID: 9q15e - Missing: icon
App ID: a2q95 - Missing: icon
App ID: w4t28 - Missing: icon
App ID: kx844 - Missing: icon
App ID: k605v - Missing: icon
App ID: a11t1 - Missing: icon
App ID: 81i1u - Missing: icon
App ID: 3sz18 - Missing: icon
App ID: r65b2 - Missing: icon
App ID: v772x - Missing: icon
App ID: 65q2q - Missing: icon
App ID: g2g86 - Missing: icon
App ID: 085ws - Missing: icon
App ID: 1o21e - Missing: icon
App ID: 281xb - Missing: icon
App ID: yd715 - Missing: icon
App ID: 5q89f - Missing: icon
App ID: 16r1k - Missing: icon
App ID: 84x1v - Missing: icon
App ID: 99rl0 - Missing: icon
App ID: 51h1f - Missing: icon
App ID: 53dh4 - Missing: icon
App ID: r6z38 - Missing: icon
App ID: 716hj - Missing: icon
App ID: 15s8x - Missing: icon
App ID: v5p35 - Missing: icon
App ID: x07l6 - Missing: icon
App ID: 579rp - Missing: icon
App ID: 63pr0 - Missing: icon
App ID: 4w45b - Missing: icon
App ID: 7fi95 - Missing: icon
App ID: 0c30r - Missing: icon
App ID: 84o7b - Missing: icon
App ID: an971 - Missing: icon
App ID: g938z - Missing: icon
App ID: 4j3w0 - Missing: icon
App ID: s3a96 - Missing: icon
App ID: n0q53 - Missing: icon
App ID: 79hu8 - Missing: icon
App ID: w47g3 - Missing: icon
App ID: 765gm - Missing: icon
App ID: 9o60v - Missing: icon
App ID: 471yx - Missing: icon
App ID: 640ko - Missing: icon
App ID: 19t9u - Missing: icon
App ID: 5jb92 - Missing: icon
App ID: bj481 - Missing: icon
App ID: e02g4 - Missing: icon
App ID: 49p2a - Missing: icon
App ID: 127lj - Missing: icon
App ID: pt049 - Missing: icon
App ID: uf207 - Missing: icon
App ID: 1t6y4 - Missing: icon
App ID: 59yh3 - Missing: icon
App ID: x7l39 - Missing: icon
App ID: 8qx46 - Missing: icon
App ID: 178vl - Missing: icon
App ID: ky730 - Missing: icon
App ID: 0qi75 - Missing: icon
App ID: g774b - Missing: icon
App ID: 8d40i - Missing: icon
App ID: w84m5 - Missing: icon
App ID: o7v06 - Missing: icon
App ID: v6v71 - Missing: icon
App ID: v93h6 - Missing: icon
App ID: o09b7 - Missing: icon
App ID: 09ps2 - Missing: icon
App ID: q38h0 - Missing: icon
App ID: 84jv8 - Missing: icon
App ID: 46do5 - Missing: icon
App ID: 03jw1 - Missing: icon
App ID: 18r3g - Missing: icon
App ID: 440ta - Missing: icon
App ID: k7d96 - Missing: icon
App ID: 6o8t2 - Missing: icon
App ID: 1t86a - Missing: icon
App ID: 76p4q - Missing: icon
App ID: 0j01u - Missing: icon
App ID: d891v - Missing: icon
App ID: 152hr - Missing: icon
App ID: s65o1 - Missing: icon
App ID: 616nf - Missing: icon
App ID: 8m66w - Missing: icon
App ID: d06z2 - Missing: icon
App ID: bn561 - Missing: icon
App ID: 52t7c - Missing: icon
App ID: i11j5 - Missing: icon
App ID: o21p8 - Missing: icon
App ID: 82tc3 - Missing: icon
App ID: 3wv42 - Missing: icon
App ID: xp672 - Missing: icon
App ID: gy141 - Missing: icon
App ID: 32ob8 - Missing: icon
App ID: bf126 - Missing: icon
App ID: 641em - Missing: icon
App ID: e3e22 - Missing: icon
App ID: 2pj61 - Missing: icon
App ID: 80t1y - Missing: icon
App ID: 746tq - Missing: icon
App ID: 3me44 - Missing: icon
App ID: 1e3z6 - Missing: icon
App ID: 47u2h - Missing: icon
App ID: 82yk8 - Missing: icon
App ID: 81x4i - Missing: icon
App ID: 11uo0 - Missing: icon
App ID: 214om - Missing: icon
App ID: g0v99 - Missing: icon
App ID: 2q9q7 - Missing: icon
App ID: 389tr - Missing: icon
App ID: r11h7 - Missing: icon
App ID: gt306 - Missing: icon
App ID: b0v46 - Missing: icon
App ID: e856o - Missing: icon
App ID: s92r4 - Missing: icon
App ID: 5r43g - Missing: icon
App ID: 7f43l - Missing: icon
App ID: f635e - Missing: icon
App ID: v435g - Missing: icon
App ID: h74c2 - Missing: icon
App ID: 8aa67 - Missing: icon
App ID: 96q8t - Missing: icon
App ID: fs692 - Missing: icon
App ID: 06el2 - Missing: icon
App ID: r382l - Missing: icon
App ID: 7f0j3 - Missing: icon
App ID: 27ge3 - Missing: icon
App ID: q662c - Missing: icon
App ID: 07h7s - Missing: icon
App ID: 37sp6 - Missing: icon
App ID: u928r - Missing: icon
App ID: 7k43p - Missing: icon
App ID: 609nd - Missing: icon
App ID: 735ns - Missing: icon
App ID: 8xl88 - Missing: icon
App ID: 037uy - Missing: icon
App ID: 435nm - Missing: icon
App ID: 9xn31 - Missing: icon
App ID: 92vd9 - Missing: icon
App ID: 306hc - Missing: icon